Vivado Simulator 2019.2
Copyright 1986-1999, 2001-2019 Xilinx, Inc. All Rights Reserved.
Running: C:/Xilinx/Vivado/2019.2/bin/unwrapped/win64.o/xelab.exe -wto 496fe5778e4d4c1e9d79dabd2e6ff3c6 --incr --debug typical --relax --mt 2 --maxdelay -L xil_defaultlib -L simprims_ver -L secureip --snapshot MIPS_Processor_tb_time_impl -transport_int_delays -pulse_r 0 -pulse_int_r 0 -pulse_e 0 -pulse_int_e 0 xil_defaultlib.MIPS_Processor_tb xil_defaultlib.glbl -log elaborate.log 
Using 2 slave threads.
Starting static elaboration
Pass Through NonSizing Optimizer
Completed static elaboration
Starting simulation data flow analysis
Completed simulation data flow analysis
INFO: [XSIM 43-3451] SDF backannotation process started with SDF file "MIPS_Processor_tb_time_impl.sdf", for root module "MIPS_Processor_tb/uut".
INFO: [XSIM 43-3452] SDF backannotation was successful for SDF file "MIPS_Processor_tb_time_impl.sdf", for root module "MIPS_Processor_tb/uut".
Time Resolution for simulation is 1ps
Compiling package std.standard
Compiling package std.textio
Compiling package ieee.std_logic_1164
Compiling package ieee.numeric_std
Compiling package vl.vl_types
Compiling module xil_defaultlib.glbl
Compiling module simprims_ver.FDRE_default
Compiling module simprims_ver.OBUF
Compiling module simprims_ver.x_lut2_mux4
Compiling module simprims_ver.LUT2
Compiling module simprims_ver.x_lut3_mux8
Compiling module simprims_ver.LUT3
Compiling module simprims_ver.LUT4
Compiling module xil_defaultlib.ControlUnit
Compiling module simprims_ver.LUT5
Compiling module simprims_ver.FDRE(IS_C_INVERTED=1'b1)
Compiling module xil_defaultlib.RegisterModule
Compiling module simprims_ver.LUT6
Compiling module simprims_ver.MUXF7
Compiling module xil_defaultlib.RegisterModule_0
Compiling module xil_defaultlib.RegisterModule_1
Compiling module xil_defaultlib.RegisterModule_2
Compiling module xil_defaultlib.RegisterModule_3
Compiling module xil_defaultlib.RegisterModule_4
Compiling module xil_defaultlib.RegisterModule_5
Compiling module xil_defaultlib.RegisterModule_6
Compiling module simprims_ver.MUXF8
Compiling module xil_defaultlib.RegisterModule_7
Compiling module xil_defaultlib.RegisterModule_8
Compiling module xil_defaultlib.RegisterModule_9
Compiling module xil_defaultlib.RegisterModule_10
Compiling module xil_defaultlib.RegisterModule_11
Compiling module xil_defaultlib.RegisterModule_12
Compiling module xil_defaultlib.RegisterModule_13
Compiling module xil_defaultlib.RegisterFile
Compiling module xil_defaultlib.InstrucDecode
Compiling module xil_defaultlib.alu4
Compiling module xil_defaultlib.Mux
Compiling module xil_defaultlib.Mux__parameterized1
Compiling module xil_defaultlib.ExecuteStage
Compiling module xil_defaultlib.InstrucMemory
Compiling module simprims_ver.x_lut1_mux2
Compiling module simprims_ver.LUT1
Compiling module simprims_ver.FDCE_default
Compiling module simprims_ver.CARRY4
Compiling module xil_defaultlib.InstrucFetch
Compiling module simprims_ver.SRL16E_default
Compiling module simprims_ver.RAMS64E(RAM_ADDRESS_SPACE=2'b11)
Compiling module simprims_ver.RAMS64E(RAM_ADDRESS_SPACE=2'b10)
Compiling module simprims_ver.RAMS64E(RAM_ADDRESS_SPACE=2'b01)
Compiling module simprims_ver.RAMS64E
Compiling module xil_defaultlib.RAM256X1S_UNIQ_BASE_
Compiling module xil_defaultlib.RAM256X1S_HD255
Compiling module xil_defaultlib.RAM256X1S_HD256
Compiling module xil_defaultlib.RAM256X1S_HD257
Compiling module xil_defaultlib.RAM256X1S_HD258
Compiling module xil_defaultlib.RAM256X1S_HD259
Compiling module xil_defaultlib.RAM256X1S_HD260
Compiling module xil_defaultlib.RAM256X1S_HD261
Compiling module xil_defaultlib.RAM256X1S_HD262
Compiling module xil_defaultlib.RAM256X1S_HD263
Compiling module xil_defaultlib.RAM256X1S_HD264
Compiling module xil_defaultlib.RAM256X1S_HD265
Compiling module xil_defaultlib.RAM256X1S_HD266
Compiling module xil_defaultlib.RAM256X1S_HD267
Compiling module xil_defaultlib.RAM256X1S_HD268
Compiling module xil_defaultlib.RAM256X1S_HD269
Compiling module xil_defaultlib.RAM256X1S_HD270
Compiling module xil_defaultlib.RAM256X1S_HD271
Compiling module xil_defaultlib.RAM256X1S_HD272
Compiling module xil_defaultlib.RAM256X1S_HD273
Compiling module xil_defaultlib.RAM256X1S_HD274
Compiling module xil_defaultlib.RAM256X1S_HD275
Compiling module xil_defaultlib.RAM256X1S_HD276
Compiling module xil_defaultlib.RAM256X1S_HD277
Compiling module xil_defaultlib.RAM256X1S_HD278
Compiling module xil_defaultlib.RAM256X1S_HD279
Compiling module xil_defaultlib.RAM256X1S_HD280
Compiling module xil_defaultlib.RAM256X1S_HD281
Compiling module xil_defaultlib.RAM256X1S_HD282
Compiling module xil_defaultlib.RAM256X1S_HD283
Compiling module xil_defaultlib.RAM256X1S_HD284
Compiling module xil_defaultlib.RAM256X1S_HD285
Compiling module xil_defaultlib.RAM256X1S_HD286
Compiling module xil_defaultlib.RAM256X1S_HD287
Compiling module xil_defaultlib.RAM256X1S_HD288
Compiling module xil_defaultlib.RAM256X1S_HD289
Compiling module xil_defaultlib.RAM256X1S_HD290
Compiling module xil_defaultlib.RAM256X1S_HD291
Compiling module xil_defaultlib.RAM256X1S_HD292
Compiling module xil_defaultlib.RAM256X1S_HD293
Compiling module xil_defaultlib.RAM256X1S_HD294
Compiling module xil_defaultlib.RAM256X1S_HD295
Compiling module xil_defaultlib.RAM256X1S_HD296
Compiling module xil_defaultlib.RAM256X1S_HD297
Compiling module xil_defaultlib.RAM256X1S_HD298
Compiling module xil_defaultlib.RAM256X1S_HD299
Compiling module xil_defaultlib.RAM256X1S_HD300
Compiling module xil_defaultlib.RAM256X1S_HD301
Compiling module xil_defaultlib.RAM256X1S_HD302
Compiling module xil_defaultlib.RAM256X1S_HD303
Compiling module xil_defaultlib.RAM256X1S_HD304
Compiling module xil_defaultlib.RAM256X1S_HD305
Compiling module xil_defaultlib.RAM256X1S_HD306
Compiling module xil_defaultlib.RAM256X1S_HD307
Compiling module xil_defaultlib.RAM256X1S_HD308
Compiling module xil_defaultlib.RAM256X1S_HD309
Compiling module xil_defaultlib.RAM256X1S_HD310
Compiling module xil_defaultlib.RAM256X1S_HD311
Compiling module xil_defaultlib.RAM256X1S_HD312
Compiling module xil_defaultlib.RAM256X1S_HD313
Compiling module xil_defaultlib.RAM256X1S_HD314
Compiling module xil_defaultlib.RAM256X1S_HD315
Compiling module xil_defaultlib.RAM256X1S_HD316
Compiling module xil_defaultlib.RAM256X1S_HD317
Compiling module xil_defaultlib.RAM256X1S_HD318
Compiling module xil_defaultlib.RAM256X1S_HD319
Compiling module xil_defaultlib.RAM256X1S_HD320
Compiling module xil_defaultlib.RAM256X1S_HD321
Compiling module xil_defaultlib.RAM256X1S_HD322
Compiling module xil_defaultlib.RAM256X1S_HD323
Compiling module xil_defaultlib.RAM256X1S_HD324
Compiling module xil_defaultlib.RAM256X1S_HD325
Compiling module xil_defaultlib.RAM256X1S_HD326
Compiling module xil_defaultlib.RAM256X1S_HD327
Compiling module xil_defaultlib.RAM256X1S_HD328
Compiling module xil_defaultlib.RAM256X1S_HD329
Compiling module xil_defaultlib.RAM256X1S_HD330
Compiling module xil_defaultlib.RAM256X1S_HD331
Compiling module xil_defaultlib.RAM256X1S_HD332
Compiling module xil_defaultlib.RAM256X1S_HD333
Compiling module xil_defaultlib.RAM256X1S_HD334
Compiling module xil_defaultlib.RAM256X1S_HD335
Compiling module xil_defaultlib.RAM256X1S_HD336
Compiling module xil_defaultlib.RAM256X1S_HD337
Compiling module xil_defaultlib.RAM256X1S_HD338
Compiling module xil_defaultlib.RAM256X1S_HD339
Compiling module xil_defaultlib.RAM256X1S_HD340
Compiling module xil_defaultlib.RAM256X1S_HD341
Compiling module xil_defaultlib.RAM256X1S_HD342
Compiling module xil_defaultlib.RAM256X1S_HD343
Compiling module xil_defaultlib.RAM256X1S_HD344
Compiling module xil_defaultlib.RAM256X1S_HD345
Compiling module xil_defaultlib.RAM256X1S_HD346
Compiling module xil_defaultlib.RAM256X1S_HD347
Compiling module xil_defaultlib.RAM256X1S_HD348
Compiling module xil_defaultlib.RAM256X1S_HD349
Compiling module xil_defaultlib.RAM256X1S_HD350
Compiling module xil_defaultlib.RAM256X1S_HD351
Compiling module xil_defaultlib.RAM256X1S_HD352
Compiling module xil_defaultlib.RAM256X1S_HD353
Compiling module xil_defaultlib.RAM256X1S_HD354
Compiling module xil_defaultlib.RAM256X1S_HD355
Compiling module xil_defaultlib.RAM256X1S_HD356
Compiling module xil_defaultlib.RAM256X1S_HD357
Compiling module xil_defaultlib.RAM256X1S_HD358
Compiling module xil_defaultlib.RAM256X1S_HD359
Compiling module xil_defaultlib.RAM256X1S_HD360
Compiling module xil_defaultlib.RAM256X1S_HD361
Compiling module xil_defaultlib.RAM256X1S_HD362
Compiling module xil_defaultlib.RAM256X1S_HD363
Compiling module xil_defaultlib.RAM256X1S_HD364
Compiling module xil_defaultlib.RAM256X1S_HD365
Compiling module xil_defaultlib.RAM256X1S_HD366
Compiling module xil_defaultlib.RAM256X1S_HD367
Compiling module xil_defaultlib.RAM256X1S_HD368
Compiling module xil_defaultlib.RAM256X1S_HD369
Compiling module xil_defaultlib.RAM256X1S_HD370
Compiling module xil_defaultlib.RAM256X1S_HD371
Compiling module xil_defaultlib.RAM256X1S_HD372
Compiling module xil_defaultlib.RAM256X1S_HD373
Compiling module xil_defaultlib.RAM256X1S_HD374
Compiling module xil_defaultlib.RAM256X1S_HD375
Compiling module xil_defaultlib.RAM256X1S_HD376
Compiling module xil_defaultlib.RAM256X1S_HD377
Compiling module xil_defaultlib.RAM256X1S_HD378
Compiling module xil_defaultlib.RAM256X1S_HD379
Compiling module xil_defaultlib.RAM256X1S_HD380
Compiling module xil_defaultlib.RAM256X1S_HD381
Compiling module xil_defaultlib.DataMemory
Compiling module xil_defaultlib.SevenSegController
Compiling module xil_defaultlib.MemoryStage
Compiling module xil_defaultlib.WriteBackStage
Compiling module simprims_ver.BUFG
Compiling module simprims_ver.IBUF
Compiling module simprims_ver.MMCME2_ADV(CLKFBOUT_MULT_F=49.5,...
Compiling module xil_defaultlib.clk_wiz_0__clk_wiz_0_clk_wiz
Compiling module xil_defaultlib.clk_wiz_0
Compiling module xil_defaultlib.MIPS_Processor
Compiling architecture bench of entity xil_defaultlib.mips_processor_tb
Built simulation snapshot MIPS_Processor_tb_time_impl
