INFO: [VRFC 10-163] Analyzing VHDL file "D:/malho/Project2/project_2/project_2.sim/sim_1/synth/func/xsim/MIPS_Processor_tb_func_synth.vhd" into library xil_defaultlib
INFO: [VRFC 10-3107] analyzing entity 'ControlUnit'
INFO: [VRFC 10-3107] analyzing entity 'DataMemory'
INFO: [VRFC 10-3107] analyzing entity 'InstrucMemory'
INFO: [VRFC 10-3107] analyzing entity 'Mux'
INFO: [VRFC 10-3107] analyzing entity '\Mux__parameterized1\'
INFO: [VRFC 10-3107] analyzing entity 'RegisterModule'
INFO: [VRFC 10-3107] analyzing entity 'RegisterModule_0'
INFO: [VRFC 10-3107] analyzing entity 'RegisterModule_1'
INFO: [VRFC 10-3107] analyzing entity 'RegisterModule_10'
INFO: [VRFC 10-3107] analyzing entity 'RegisterModule_11'
INFO: [VRFC 10-3107] analyzing entity 'RegisterModule_12'
INFO: [VRFC 10-3107] analyzing entity 'RegisterModule_13'
INFO: [VRFC 10-3107] analyzing entity 'RegisterModule_2'
INFO: [VRFC 10-3107] analyzing entity 'RegisterModule_3'
INFO: [VRFC 10-3107] analyzing entity 'RegisterModule_4'
INFO: [VRFC 10-3107] analyzing entity 'RegisterModule_5'
INFO: [VRFC 10-3107] analyzing entity 'RegisterModule_6'
INFO: [VRFC 10-3107] analyzing entity 'RegisterModule_7'
INFO: [VRFC 10-3107] analyzing entity 'RegisterModule_8'
INFO: [VRFC 10-3107] analyzing entity 'RegisterModule_9'
INFO: [VRFC 10-3107] analyzing entity 'SevenSegController'
INFO: [VRFC 10-3107] analyzing entity 'WriteBackStage'
INFO: [VRFC 10-3107] analyzing entity 'alu4'
INFO: [VRFC 10-3107] analyzing entity 'ExecuteStage'
INFO: [VRFC 10-3107] analyzing entity 'InstrucFetch'
INFO: [VRFC 10-3107] analyzing entity 'MemoryStage'
INFO: [VRFC 10-3107] analyzing entity 'RegisterFile'
INFO: [VRFC 10-3107] analyzing entity 'InstrucDecode'
INFO: [VRFC 10-3107] analyzing entity 'MIPS_Processor'
INFO: [VRFC 10-163] Analyzing VHDL file "D:/malho/Project1/LabProject/Project1/Project1.srcs/sim_1/new/MIPS_Processor_tb.vhd" into library xil_defaultlib
INFO: [VRFC 10-3107] analyzing entity 'MIPS_Processor_tb'
