#-----------------------------------------------------------
# Vivado v2019.2 (64-bit)
# SW Build 2708876 on Wed Nov  6 21:40:23 MST 2019
# IP Build 2700528 on Thu Nov  7 00:09:20 MST 2019
# Start of session at: Wed Oct 21 22:16:45 2020
# Process ID: 13660
# Current directory: D:/malho/Project2/project_2/project_2.sim/sim_1/behav/xsim
# Command line: vivado.exe -gui_launcher_event rodinguilauncherevent25444 D:\malho\Project2\project_2\project_2.sim\sim_1\behav\xsim\MIPS_Processor_tb_behav.wdb
# Log file: D:/malho/Project2/project_2/project_2.sim/sim_1/behav/xsim/vivado.log
# Journal file: D:/malho/Project2/project_2/project_2.sim/sim_1/behav/xsim\vivado.jou
#-----------------------------------------------------------
start_gui
open_wave_database {D:\malho\Project2\project_2\project_2.sim\sim_1\behav\xsim\MIPS_Processor_tb_behav.wdb}
INFO: [IP_Flow 19-234] Refreshing IP repositories
INFO: [IP_Flow 19-1704] No user IP repositories specified
INFO: [IP_Flow 19-2313] Loaded Vivado IP repository 'C:/Xilinx/Vivado/2019.2/data/ip'.
current_fileset: Time (s): cpu = 00:00:07 ; elapsed = 00:00:06 . Memory (MB): peak = 729.258 ; gain = 89.730
open_wave_database: Time (s): cpu = 00:00:09 ; elapsed = 00:00:07 . Memory (MB): peak = 734.355 ; gain = 94.828
close_sim
INFO: [Simtcl 6-16] Simulation closed
exit
INFO: [Common 17-206] Exiting Vivado at Wed Oct 21 22:17:38 2020...
